DEBUG:root:@@@@@@@@@@@@@@@@@@@@@@@@@@@@@@@@@@@@@@@
DEBUG:root:no of classes: 70
DEBUG:root:top map results
DEBUG:root:[{'map': 0.76661633333333334, 'max_depth': 4, 'min_child_weight': 2}, {'map': 0.76661633333333334, 'max_depth': 9, 'min_child_weight': 1}, {'map': 0.76623999999999992, 'max_depth': 6, 'min_child_weight': 4}]
DEBUG:root:best params so far
DEBUG:root:{'colsample_bytree': 0.7, 'silent': 1, 'scale_pos_weight': 1, 'nthread': 4, 'min_child_weight': 2, 'subsample': 0.9, 'eta': 0.1, 'objective': 'multi:softprob', 'max_depth': 4, 'gamma': 0.32}
DEBUG:root:top map results
DEBUG:root:[{'map': 0.76862333333333321, 'gamma': 0.1, 'colsample_bylevel': 0.9}, {'map': 0.76849766666666675, 'gamma': 0.3, 'colsample_bylevel': 0.9}, {'map': 0.76774500000000001, 'gamma': 0.0, 'colsample_bylevel': 0.8}]
DEBUG:root:best params so far
DEBUG:root:{'colsample_bytree': 0.7, 'silent': 1, 'colsample_bylevel': 0.9, 'scale_pos_weight': 1, 'nthread': 4, 'min_child_weight': 2, 'subsample': 0.9, 'eta': 0.1, 'objective': 'multi:softprob', 'max_depth': 4, 'gamma': 0.1}
DEBUG:root:top map results
DEBUG:root:[{'map': 0.76724366666666677, 'max_delta_step': 12}, {'map': 0.76686733333333335, 'max_delta_step': 5}, {'map': 0.76649099999999992, 'max_delta_step': 4}]
DEBUG:root:best params so far
DEBUG:root:{'colsample_bytree': 0.7, 'silent': 1, 'colsample_bylevel': 0.9, 'scale_pos_weight': 1, 'max_delta_step': 12, 'nthread': 4, 'min_child_weight': 2, 'subsample': 0.9, 'eta': 0.1, 'objective': 'multi:softprob', 'max_depth': 4, 'gamma': 0.1}
DEBUG:root:top map results
DEBUG:root:[{'subsample': 0.7, 'colsample_bytree': 0.65, 'map': 0.76937566666666657}, {'subsample': 0.7, 'colsample_bytree': 0.7, 'map': 0.76937566666666657}, {'subsample': 0.95, 'colsample_bytree': 0.65, 'map': 0.76799600000000001}]
DEBUG:root:best params so far
DEBUG:root:{'colsample_bytree': 0.65, 'silent': 1, 'colsample_bylevel': 0.9, 'scale_pos_weight': 1, 'max_delta_step': 12, 'nthread': 4, 'min_child_weight': 2, 'subsample': 0.7, 'eta': 0.1, 'objective': 'multi:softprob', 'max_depth': 4, 'gamma': 0.1}
DEBUG:root:~~~~~~~~~~~~~~~~~~~~~~~~~~~~~~~~~~~~~~~~~~~~~~~~~~~
DEBUG:root:best params for the grid 280, 50, 30, 10
DEBUG:root:grid no m, n 2, 35
DEBUG:root:threshold: 7
DEBUG:root:{'colsample_bytree': 0.65, 'silent': 1, 'colsample_bylevel': 0.9, 'scale_pos_weight': 1, 'max_delta_step': 12, 'nthread': 4, 'min_child_weight': 2, 'subsample': 0.7, 'eta': 0.1, 'objective': 'multi:softprob', 'max_depth': 4, 'gamma': 0.1}
DEBUG:root:###################################################
DEBUG:root:@@@@@@@@@@@@@@@@@@@@@@@@@@@@@@@@@@@@@@@
DEBUG:root:no of classes: 62
DEBUG:root:top map results
DEBUG:root:[{'map': 0.70998900000000009, 'max_depth': 8, 'min_child_weight': 2}, {'map': 0.70931566666666657, 'max_depth': 9, 'min_child_weight': 2}, {'map': 0.70909100000000003, 'max_depth': 7, 'min_child_weight': 3}]
DEBUG:root:best params so far
DEBUG:root:{'colsample_bytree': 0.7, 'silent': 1, 'scale_pos_weight': 1, 'nthread': 4, 'min_child_weight': 2, 'subsample': 0.9, 'eta': 0.1, 'objective': 'multi:softprob', 'max_depth': 8, 'gamma': 0.32}
DEBUG:root:top map results
DEBUG:root:[{'map': 0.71043766666666663, 'gamma': 0.1, 'colsample_bylevel': 0.5}, {'map': 0.71043766666666663, 'gamma': 0.3, 'colsample_bylevel': 0.8}, {'map': 0.70998900000000009, 'gamma': 0.2, 'colsample_bylevel': 0.6}]
DEBUG:root:best params so far
DEBUG:root:{'colsample_bytree': 0.7, 'silent': 1, 'colsample_bylevel': 0.5, 'scale_pos_weight': 1, 'nthread': 4, 'min_child_weight': 2, 'subsample': 0.9, 'eta': 0.1, 'objective': 'multi:softprob', 'max_depth': 8, 'gamma': 0.1}
DEBUG:root:top map results
DEBUG:root:[{'map': 0.71111133333333332, 'max_delta_step': 7}, {'map': 0.71111099999999994, 'max_delta_step': 3}, {'map': 0.71088666666666678, 'max_delta_step': 9}]
DEBUG:root:best params so far
DEBUG:root:{'colsample_bytree': 0.7, 'silent': 1, 'colsample_bylevel': 0.5, 'scale_pos_weight': 1, 'max_delta_step': 7, 'nthread': 4, 'min_child_weight': 2, 'subsample': 0.9, 'eta': 0.1, 'objective': 'multi:softprob', 'max_depth': 8, 'gamma': 0.1}
DEBUG:root:top map results
DEBUG:root:[{'subsample': 0.85, 'colsample_bytree': 0.75, 'map': 0.71156033333333335}, {'subsample': 0.85, 'colsample_bytree': 0.8, 'map': 0.71156033333333335}, {'subsample': 0.8, 'colsample_bytree': 0.6, 'map': 0.71133600000000008}]
DEBUG:root:best params so far
DEBUG:root:{'colsample_bytree': 0.75, 'silent': 1, 'colsample_bylevel': 0.5, 'scale_pos_weight': 1, 'max_delta_step': 7, 'nthread': 4, 'min_child_weight': 2, 'subsample': 0.85, 'eta': 0.1, 'objective': 'multi:softprob', 'max_depth': 8, 'gamma': 0.1}
DEBUG:root:~~~~~~~~~~~~~~~~~~~~~~~~~~~~~~~~~~~~~~~~~~~~~~~~~~~
DEBUG:root:best params for the grid 280, 50, 30, 10
DEBUG:root:grid no m, n 4, 142
DEBUG:root:threshold: 7
DEBUG:root:{'colsample_bytree': 0.75, 'silent': 1, 'colsample_bylevel': 0.5, 'scale_pos_weight': 1, 'max_delta_step': 7, 'nthread': 4, 'min_child_weight': 2, 'subsample': 0.85, 'eta': 0.1, 'objective': 'multi:softprob', 'max_depth': 8, 'gamma': 0.1}
DEBUG:root:###################################################
DEBUG:root:@@@@@@@@@@@@@@@@@@@@@@@@@@@@@@@@@@@@@@@
DEBUG:root:no of classes: 64
DEBUG:root:top map results
DEBUG:root:[{'map': 0.72682733333333338, 'max_depth': 9, 'min_child_weight': 1}, {'map': 0.72660400000000003, 'max_depth': 9, 'min_child_weight': 5}, {'map': 0.7263816666666667, 'max_depth': 7, 'min_child_weight': 4}]
DEBUG:root:best params so far
DEBUG:root:{'colsample_bytree': 0.7, 'silent': 1, 'scale_pos_weight': 1, 'nthread': 4, 'min_child_weight': 1, 'subsample': 0.9, 'eta': 0.1, 'objective': 'multi:softprob', 'max_depth': 9, 'gamma': 0.32}
DEBUG:root:top map results
DEBUG:root:[{'map': 0.72905500000000012, 'gamma': 0.3, 'colsample_bylevel': 0.8}, {'map': 0.72816400000000003, 'gamma': 0.5, 'colsample_bylevel': 0.8}, {'map': 0.72749566666666665, 'gamma': 0.1, 'colsample_bylevel': 0.6}]
DEBUG:root:best params so far
DEBUG:root:{'colsample_bytree': 0.7, 'silent': 1, 'colsample_bylevel': 0.8, 'scale_pos_weight': 1, 'nthread': 4, 'min_child_weight': 1, 'subsample': 0.9, 'eta': 0.1, 'objective': 'multi:softprob', 'max_depth': 9, 'gamma': 0.3}
DEBUG:root:top map results
DEBUG:root:[{'map': 0.72994633333333336, 'max_delta_step': 12}, {'map': 0.72860933333333333, 'max_delta_step': 10}, {'map': 0.72816400000000003, 'max_delta_step': 11}]
DEBUG:root:best params so far
DEBUG:root:{'colsample_bytree': 0.7, 'silent': 1, 'colsample_bylevel': 0.8, 'scale_pos_weight': 1, 'max_delta_step': 12, 'nthread': 4, 'min_child_weight': 1, 'subsample': 0.9, 'eta': 0.1, 'objective': 'multi:softprob', 'max_depth': 9, 'gamma': 0.3}
DEBUG:root:top map results
DEBUG:root:[{'subsample': 0.75, 'colsample_bytree': 0.65, 'map': 0.73016933333333345}, {'subsample': 0.75, 'colsample_bytree': 0.7, 'map': 0.73016933333333345}, {'subsample': 0.9, 'colsample_bytree': 0.65, 'map': 0.72994633333333336}]
DEBUG:root:best params so far
DEBUG:root:{'colsample_bytree': 0.65, 'silent': 1, 'colsample_bylevel': 0.8, 'scale_pos_weight': 1, 'max_delta_step': 12, 'nthread': 4, 'min_child_weight': 1, 'subsample': 0.75, 'eta': 0.1, 'objective': 'multi:softprob', 'max_depth': 9, 'gamma': 0.3}
DEBUG:root:~~~~~~~~~~~~~~~~~~~~~~~~~~~~~~~~~~~~~~~~~~~~~~~~~~~
DEBUG:root:best params for the grid 280, 50, 30, 10
DEBUG:root:grid no m, n 21, 70
DEBUG:root:threshold: 7
DEBUG:root:{'colsample_bytree': 0.65, 'silent': 1, 'colsample_bylevel': 0.8, 'scale_pos_weight': 1, 'max_delta_step': 12, 'nthread': 4, 'min_child_weight': 1, 'subsample': 0.75, 'eta': 0.1, 'objective': 'multi:softprob', 'max_depth': 9, 'gamma': 0.3}
DEBUG:root:###################################################
DEBUG:root:@@@@@@@@@@@@@@@@@@@@@@@@@@@@@@@@@@@@@@@
DEBUG:root:no of classes: 79
DEBUG:root:top map results
DEBUG:root:[{'map': 0.69684333333333337, 'max_depth': 6, 'min_child_weight': 3}, {'map': 0.69684333333333337, 'max_depth': 9, 'min_child_weight': 3}, {'map': 0.69667000000000001, 'max_depth': 7, 'min_child_weight': 3}]
DEBUG:root:best params so far
DEBUG:root:{'colsample_bytree': 0.7, 'silent': 1, 'scale_pos_weight': 1, 'nthread': 4, 'min_child_weight': 3, 'subsample': 0.9, 'eta': 0.1, 'objective': 'multi:softprob', 'max_depth': 6, 'gamma': 0.32}
DEBUG:root:top map results
DEBUG:root:[{'map': 0.69736399999999998, 'gamma': 0.2, 'colsample_bylevel': 0.6}, {'map': 0.69736399999999998, 'gamma': 0.2, 'colsample_bylevel': 0.7}, {'map': 0.69719066666666674, 'gamma': 0.4, 'colsample_bylevel': 0.5}]
DEBUG:root:best params so far
DEBUG:root:{'colsample_bytree': 0.7, 'silent': 1, 'colsample_bylevel': 0.6, 'scale_pos_weight': 1, 'nthread': 4, 'min_child_weight': 3, 'subsample': 0.9, 'eta': 0.1, 'objective': 'multi:softprob', 'max_depth': 6, 'gamma': 0.2}
DEBUG:root:top map results
DEBUG:root:[{'map': 0.6984043333333334, 'max_delta_step': 7}, {'map': 0.69753733333333334, 'max_delta_step': 6}, {'map': 0.6973636666666666, 'max_delta_step': 8}]
DEBUG:root:best params so far
DEBUG:root:{'colsample_bytree': 0.7, 'silent': 1, 'colsample_bylevel': 0.6, 'scale_pos_weight': 1, 'max_delta_step': 7, 'nthread': 4, 'min_child_weight': 3, 'subsample': 0.9, 'eta': 0.1, 'objective': 'multi:softprob', 'max_depth': 6, 'gamma': 0.2}
DEBUG:root:top map results
DEBUG:root:[{'subsample': 0.75, 'colsample_bytree': 0.6, 'map': 0.6997916666666667}, {'subsample': 0.7, 'colsample_bytree': 0.75, 'map': 0.69927166666666674}, {'subsample': 0.7, 'colsample_bytree': 0.8, 'map': 0.69927166666666674}]
DEBUG:root:best params so far
DEBUG:root:{'colsample_bytree': 0.6, 'silent': 1, 'colsample_bylevel': 0.6, 'scale_pos_weight': 1, 'max_delta_step': 7, 'nthread': 4, 'min_child_weight': 3, 'subsample': 0.75, 'eta': 0.1, 'objective': 'multi:softprob', 'max_depth': 6, 'gamma': 0.2}
DEBUG:root:~~~~~~~~~~~~~~~~~~~~~~~~~~~~~~~~~~~~~~~~~~~~~~~~~~~
DEBUG:root:best params for the grid 320, 60, 30, 10
DEBUG:root:grid no m, n 4, 35
DEBUG:root:threshold: 7
DEBUG:root:{'colsample_bytree': 0.6, 'silent': 1, 'colsample_bylevel': 0.6, 'scale_pos_weight': 1, 'max_delta_step': 7, 'nthread': 4, 'min_child_weight': 3, 'subsample': 0.75, 'eta': 0.1, 'objective': 'multi:softprob', 'max_depth': 6, 'gamma': 0.2}
DEBUG:root:###################################################
DEBUG:root:@@@@@@@@@@@@@@@@@@@@@@@@@@@@@@@@@@@@@@@
DEBUG:root:no of classes: 121
DEBUG:root:top map results
DEBUG:root:[{'map': 0.66833766666666661, 'max_depth': 9, 'min_child_weight': 5}, {'map': 0.66726333333333343, 'max_depth': 9, 'min_child_weight': 3}, {'map': 0.66690499999999997, 'max_depth': 5, 'min_child_weight': 5}]
DEBUG:root:best params so far
DEBUG:root:{'colsample_bytree': 0.7, 'silent': 1, 'scale_pos_weight': 1, 'nthread': 4, 'min_child_weight': 5, 'subsample': 0.9, 'eta': 0.1, 'objective': 'multi:softprob', 'max_depth': 9, 'gamma': 0.32}
DEBUG:root:top map results
DEBUG:root:[{'map': 0.67024699999999993, 'gamma': 0.3, 'colsample_bylevel': 0.6}, {'map': 0.67024699999999993, 'gamma': 0.3, 'colsample_bylevel': 0.7}, {'map': 0.66965033333333324, 'gamma': 0.0, 'colsample_bylevel': 0.5}]
DEBUG:root:best params so far
DEBUG:root:{'colsample_bytree': 0.7, 'silent': 1, 'colsample_bylevel': 0.6, 'scale_pos_weight': 1, 'nthread': 4, 'min_child_weight': 5, 'subsample': 0.9, 'eta': 0.1, 'objective': 'multi:softprob', 'max_depth': 9, 'gamma': 0.3}
DEBUG:root:top map results
DEBUG:root:[{'map': 0.67072433333333326, 'max_delta_step': 6}, {'map': 0.67060500000000001, 'max_delta_step': 13}, {'map': 0.67012766666666668, 'max_delta_step': 3}]
DEBUG:root:best params so far
DEBUG:root:{'colsample_bytree': 0.7, 'silent': 1, 'colsample_bylevel': 0.6, 'scale_pos_weight': 1, 'max_delta_step': 6, 'nthread': 4, 'min_child_weight': 5, 'subsample': 0.9, 'eta': 0.1, 'objective': 'multi:softprob', 'max_depth': 9, 'gamma': 0.3}
DEBUG:root:top map results
DEBUG:root:[{'subsample': 0.95, 'colsample_bytree': 0.65, 'map': 0.67096299999999998}, {'subsample': 0.95, 'colsample_bytree': 0.7, 'map': 0.67096299999999998}, {'subsample': 0.9, 'colsample_bytree': 0.65, 'map': 0.67072433333333326}]
DEBUG:root:best params so far
DEBUG:root:{'colsample_bytree': 0.65, 'silent': 1, 'colsample_bylevel': 0.6, 'scale_pos_weight': 1, 'max_delta_step': 6, 'nthread': 4, 'min_child_weight': 5, 'subsample': 0.95, 'eta': 0.1, 'objective': 'multi:softprob', 'max_depth': 9, 'gamma': 0.3}
DEBUG:root:~~~~~~~~~~~~~~~~~~~~~~~~~~~~~~~~~~~~~~~~~~~~~~~~~~~
DEBUG:root:best params for the grid 320, 60, 30, 10
DEBUG:root:grid no m, n 19, 111
DEBUG:root:threshold: 7
DEBUG:root:{'colsample_bytree': 0.65, 'silent': 1, 'colsample_bylevel': 0.6, 'scale_pos_weight': 1, 'max_delta_step': 6, 'nthread': 4, 'min_child_weight': 5, 'subsample': 0.95, 'eta': 0.1, 'objective': 'multi:softprob', 'max_depth': 9, 'gamma': 0.3}
DEBUG:root:###################################################
DEBUG:root:@@@@@@@@@@@@@@@@@@@@@@@@@@@@@@@@@@@@@@@
DEBUG:root:no of classes: 104
DEBUG:root:top map results
DEBUG:root:[{'map': 0.71714366666666673, 'max_depth': 4, 'min_child_weight': 5}, {'map': 0.71704999999999997, 'max_depth': 8, 'min_child_weight': 5}, {'map': 0.71686300000000003, 'max_depth': 5, 'min_child_weight': 5}]
DEBUG:root:best params so far
DEBUG:root:{'colsample_bytree': 0.7, 'silent': 1, 'scale_pos_weight': 1, 'nthread': 4, 'min_child_weight': 5, 'subsample': 0.9, 'eta': 0.1, 'objective': 'multi:softprob', 'max_depth': 4, 'gamma': 0.32}
DEBUG:root:top map results
DEBUG:root:[{'map': 0.71919999999999995, 'gamma': 0.3, 'colsample_bylevel': 0.9}, {'map': 0.71854566666666664, 'gamma': 0.5, 'colsample_bylevel': 0.9}, {'map': 0.71854533333333326, 'gamma': 0.2, 'colsample_bylevel': 0.9}]
DEBUG:root:best params so far
DEBUG:root:{'colsample_bytree': 0.7, 'silent': 1, 'colsample_bylevel': 0.9, 'scale_pos_weight': 1, 'nthread': 4, 'min_child_weight': 5, 'subsample': 0.9, 'eta': 0.1, 'objective': 'multi:softprob', 'max_depth': 4, 'gamma': 0.3}
DEBUG:root:top map results
DEBUG:root:[{'map': 0.71966733333333333, 'max_delta_step': 13}, {'map': 0.71948033333333328, 'max_delta_step': 4}, {'map': 0.71938666666666673, 'max_delta_step': 14}]
DEBUG:root:best params so far
DEBUG:root:{'colsample_bytree': 0.7, 'silent': 1, 'colsample_bylevel': 0.9, 'scale_pos_weight': 1, 'max_delta_step': 13, 'nthread': 4, 'min_child_weight': 5, 'subsample': 0.9, 'eta': 0.1, 'objective': 'multi:softprob', 'max_depth': 4, 'gamma': 0.3}
DEBUG:root:top map results
DEBUG:root:[{'subsample': 0.9, 'colsample_bytree': 0.65, 'map': 0.71966733333333333}, {'subsample': 0.9, 'colsample_bytree': 0.7, 'map': 0.71966733333333333}, {'subsample': 0.9, 'colsample_bytree': 0.6, 'map': 0.71919966666666679}]
DEBUG:root:best params so far
DEBUG:root:{'colsample_bytree': 0.65, 'silent': 1, 'colsample_bylevel': 0.9, 'scale_pos_weight': 1, 'max_delta_step': 13, 'nthread': 4, 'min_child_weight': 5, 'subsample': 0.9, 'eta': 0.1, 'objective': 'multi:softprob', 'max_depth': 4, 'gamma': 0.3}
DEBUG:root:~~~~~~~~~~~~~~~~~~~~~~~~~~~~~~~~~~~~~~~~~~~~~~~~~~~
DEBUG:root:best params for the grid 320, 60, 30, 10
DEBUG:root:grid no m, n 12, 70
DEBUG:root:threshold: 7
DEBUG:root:{'colsample_bytree': 0.65, 'silent': 1, 'colsample_bylevel': 0.9, 'scale_pos_weight': 1, 'max_delta_step': 13, 'nthread': 4, 'min_child_weight': 5, 'subsample': 0.9, 'eta': 0.1, 'objective': 'multi:softprob', 'max_depth': 4, 'gamma': 0.3}
DEBUG:root:###################################################
