DEBUG:root:@@@@@@@@@@@@@@@@@@@@@@@@@@@@@@@@@@@@@@@
DEBUG:root:no of classes: 56
DEBUG:root:top map results
DEBUG:root:[{'map': 0.72508333333333341, 'max_depth': 4, 'min_child_weight': 2}, {'map': 0.72457066666666659, 'max_depth': 5, 'min_child_weight': 3}, {'map': 0.72431466666666677, 'max_depth': 4, 'min_child_weight': 3}]
DEBUG:root:best params so far
DEBUG:root:{'colsample_bytree': 0.7, 'silent': 1, 'scale_pos_weight': 1, 'nthread': 4, 'min_child_weight': 2, 'subsample': 0.9, 'eta': 0.1, 'objective': 'multi:softprob', 'max_depth': 4, 'gamma': 0.32}
DEBUG:root:top map results
DEBUG:root:[{'map': 0.72380266666666671, 'gamma': 0.5, 'colsample_bylevel': 0.8}, {'map': 0.72328999999999999, 'gamma': 0.0, 'colsample_bylevel': 0.6}, {'map': 0.72328999999999999, 'gamma': 0.0, 'colsample_bylevel': 0.7}]
DEBUG:root:best params so far
DEBUG:root:{'colsample_bytree': 0.7, 'silent': 1, 'colsample_bylevel': 0.8, 'scale_pos_weight': 1, 'nthread': 4, 'min_child_weight': 2, 'subsample': 0.9, 'eta': 0.1, 'objective': 'multi:softprob', 'max_depth': 4, 'gamma': 0.5}
DEBUG:root:top map results
DEBUG:root:[{'map': 0.72405866666666663, 'max_delta_step': 6}, {'map': 0.72380233333333333, 'max_delta_step': 3}, {'map': 0.72354599999999991, 'max_delta_step': 13}]
DEBUG:root:best params so far
DEBUG:root:{'colsample_bytree': 0.7, 'silent': 1, 'colsample_bylevel': 0.8, 'scale_pos_weight': 1, 'max_delta_step': 6, 'nthread': 4, 'min_child_weight': 2, 'subsample': 0.9, 'eta': 0.1, 'objective': 'multi:softprob', 'max_depth': 4, 'gamma': 0.5}
DEBUG:root:top map results
DEBUG:root:[{'subsample': 0.7, 'colsample_bytree': 0.65, 'map': 0.72610799999999998}, {'subsample': 0.7, 'colsample_bytree': 0.7, 'map': 0.72610799999999998}, {'subsample': 0.6, 'colsample_bytree': 0.6, 'map': 0.72559533333333326}]
DEBUG:root:best params so far
DEBUG:root:{'colsample_bytree': 0.65, 'silent': 1, 'colsample_bylevel': 0.8, 'scale_pos_weight': 1, 'max_delta_step': 6, 'nthread': 4, 'min_child_weight': 2, 'subsample': 0.7, 'eta': 0.1, 'objective': 'multi:softprob', 'max_depth': 4, 'gamma': 0.5}
DEBUG:root:~~~~~~~~~~~~~~~~~~~~~~~~~~~~~~~~~~~~~~~~~~~~~~~~~~~
DEBUG:root:best params for the grid 200, 50, 20, 5
DEBUG:root:grid no m, n 12, 40
DEBUG:root:threshold: 7
DEBUG:root:{'colsample_bytree': 0.65, 'silent': 1, 'colsample_bylevel': 0.8, 'scale_pos_weight': 1, 'max_delta_step': 6, 'nthread': 4, 'min_child_weight': 2, 'subsample': 0.7, 'eta': 0.1, 'objective': 'multi:softprob', 'max_depth': 4, 'gamma': 0.5}
DEBUG:root:###################################################
DEBUG:root:@@@@@@@@@@@@@@@@@@@@@@@@@@@@@@@@@@@@@@@
DEBUG:root:no of classes: 55
DEBUG:root:top map results
DEBUG:root:[{'map': 0.69201766666666664, 'max_depth': 5, 'min_child_weight': 2}, {'map': 0.69184666666666672, 'max_depth': 7, 'min_child_weight': 3}, {'map': 0.69167533333333342, 'max_depth': 7, 'min_child_weight': 2}]
DEBUG:root:best params so far
DEBUG:root:{'colsample_bytree': 0.7, 'silent': 1, 'scale_pos_weight': 1, 'nthread': 4, 'min_child_weight': 2, 'subsample': 0.9, 'eta': 0.1, 'objective': 'multi:softprob', 'max_depth': 5, 'gamma': 0.32}
DEBUG:root:top map results
DEBUG:root:[{'map': 0.69458733333333333, 'gamma': 0.0, 'colsample_bylevel': 0.8}, {'map': 0.69441566666666665, 'gamma': 0.0, 'colsample_bylevel': 0.5}, {'map': 0.69373066666666672, 'gamma': 0.1, 'colsample_bylevel': 0.8}]
DEBUG:root:best params so far
DEBUG:root:{'colsample_bytree': 0.7, 'silent': 1, 'colsample_bylevel': 0.8, 'scale_pos_weight': 1, 'nthread': 4, 'min_child_weight': 2, 'subsample': 0.9, 'eta': 0.1, 'objective': 'multi:softprob', 'max_depth': 5, 'gamma': 0.0}
DEBUG:root:top map results
DEBUG:root:[{'map': 0.69458733333333333, 'max_delta_step': 3}, {'map': 0.69338833333333338, 'max_delta_step': 6}, {'map': 0.6932166666666667, 'max_delta_step': 4}]
DEBUG:root:best params so far
DEBUG:root:{'colsample_bytree': 0.7, 'silent': 1, 'colsample_bylevel': 0.8, 'scale_pos_weight': 1, 'max_delta_step': 3, 'nthread': 4, 'min_child_weight': 2, 'subsample': 0.9, 'eta': 0.1, 'objective': 'multi:softprob', 'max_depth': 5, 'gamma': 0.0}
DEBUG:root:top map results
DEBUG:root:[{'subsample': 0.85, 'colsample_bytree': 0.65, 'map': 0.695272}, {'subsample': 0.85, 'colsample_bytree': 0.7, 'map': 0.695272}, {'subsample': 0.75, 'colsample_bytree': 0.75, 'map': 0.69510100000000008}]
DEBUG:root:best params so far
DEBUG:root:{'colsample_bytree': 0.65, 'silent': 1, 'colsample_bylevel': 0.8, 'scale_pos_weight': 1, 'max_delta_step': 3, 'nthread': 4, 'min_child_weight': 2, 'subsample': 0.85, 'eta': 0.1, 'objective': 'multi:softprob', 'max_depth': 5, 'gamma': 0.0}
DEBUG:root:~~~~~~~~~~~~~~~~~~~~~~~~~~~~~~~~~~~~~~~~~~~~~~~~~~~
DEBUG:root:best params for the grid 200, 50, 20, 5
DEBUG:root:grid no m, n 24, 176
DEBUG:root:threshold: 10
DEBUG:root:{'colsample_bytree': 0.65, 'silent': 1, 'colsample_bylevel': 0.8, 'scale_pos_weight': 1, 'max_delta_step': 3, 'nthread': 4, 'min_child_weight': 2, 'subsample': 0.85, 'eta': 0.1, 'objective': 'multi:softprob', 'max_depth': 5, 'gamma': 0.0}
DEBUG:root:###################################################
DEBUG:root:@@@@@@@@@@@@@@@@@@@@@@@@@@@@@@@@@@@@@@@
DEBUG:root:no of classes: 40
DEBUG:root:top map results
DEBUG:root:[{'map': 0.73275866666666667, 'max_depth': 6, 'min_child_weight': 4}, {'map': 0.73249733333333344, 'max_depth': 9, 'min_child_weight': 4}, {'map': 0.732236, 'max_depth': 4, 'min_child_weight': 4}]
DEBUG:root:best params so far
DEBUG:root:{'colsample_bytree': 0.7, 'silent': 1, 'scale_pos_weight': 1, 'nthread': 4, 'min_child_weight': 4, 'subsample': 0.9, 'eta': 0.1, 'objective': 'multi:softprob', 'max_depth': 6, 'gamma': 0.32}
DEBUG:root:top map results
DEBUG:root:[{'map': 0.73667700000000014, 'gamma': 0.5, 'colsample_bylevel': 0.9}, {'map': 0.73589333333333329, 'gamma': 0.3, 'colsample_bylevel': 0.5}, {'map': 0.73563233333333333, 'gamma': 0.2, 'colsample_bylevel': 0.5}]
DEBUG:root:best params so far
DEBUG:root:{'colsample_bytree': 0.7, 'silent': 1, 'colsample_bylevel': 0.9, 'scale_pos_weight': 1, 'nthread': 4, 'min_child_weight': 4, 'subsample': 0.9, 'eta': 0.1, 'objective': 'multi:softprob', 'max_depth': 6, 'gamma': 0.5}
DEBUG:root:top map results
DEBUG:root:[{'map': 0.73563200000000017, 'max_delta_step': 4}, {'map': 0.73484866666666671, 'max_delta_step': 11}, {'map': 0.73484866666666671, 'max_delta_step': 14}]
DEBUG:root:best params so far
DEBUG:root:{'colsample_bytree': 0.7, 'silent': 1, 'colsample_bylevel': 0.9, 'scale_pos_weight': 1, 'max_delta_step': 4, 'nthread': 4, 'min_child_weight': 4, 'subsample': 0.9, 'eta': 0.1, 'objective': 'multi:softprob', 'max_depth': 6, 'gamma': 0.5}
DEBUG:root:top map results
DEBUG:root:[{'subsample': 0.9, 'colsample_bytree': 0.65, 'map': 0.73563200000000017}, {'subsample': 0.9, 'colsample_bytree': 0.7, 'map': 0.73563200000000017}, {'subsample': 0.85, 'colsample_bytree': 0.6, 'map': 0.73458733333333337}]
DEBUG:root:best params so far
DEBUG:root:{'colsample_bytree': 0.65, 'silent': 1, 'colsample_bylevel': 0.9, 'scale_pos_weight': 1, 'max_delta_step': 4, 'nthread': 4, 'min_child_weight': 4, 'subsample': 0.9, 'eta': 0.1, 'objective': 'multi:softprob', 'max_depth': 6, 'gamma': 0.5}
DEBUG:root:~~~~~~~~~~~~~~~~~~~~~~~~~~~~~~~~~~~~~~~~~~~~~~~~~~~
DEBUG:root:best params for the grid 200, 50, 20, 5
DEBUG:root:grid no m, n 33, 60
DEBUG:root:threshold: 7
DEBUG:root:{'colsample_bytree': 0.65, 'silent': 1, 'colsample_bylevel': 0.9, 'scale_pos_weight': 1, 'max_delta_step': 4, 'nthread': 4, 'min_child_weight': 4, 'subsample': 0.9, 'eta': 0.1, 'objective': 'multi:softprob', 'max_depth': 6, 'gamma': 0.5}
DEBUG:root:###################################################
DEBUG:root:@@@@@@@@@@@@@@@@@@@@@@@@@@@@@@@@@@@@@@@
DEBUG:root:no of classes: 46
DEBUG:root:top map results
DEBUG:root:[{'map': 0.69542700000000002, 'max_depth': 5, 'min_child_weight': 4}, {'map': 0.69519066666666662, 'max_depth': 4, 'min_child_weight': 6}, {'map': 0.6949550000000001, 'max_depth': 7, 'min_child_weight': 2}]
DEBUG:root:best params so far
DEBUG:root:{'colsample_bytree': 0.7, 'silent': 1, 'scale_pos_weight': 1, 'nthread': 4, 'min_child_weight': 4, 'subsample': 0.9, 'eta': 0.1, 'objective': 'multi:softprob', 'max_depth': 5, 'gamma': 0.32}
DEBUG:root:top map results
DEBUG:root:[{'map': 0.69966966666666675, 'gamma': 0.1, 'colsample_bylevel': 0.5}, {'map': 0.69825566666666672, 'gamma': 0.4, 'colsample_bylevel': 0.8}, {'map': 0.69778433333333334, 'gamma': 0.1, 'colsample_bylevel': 0.8}]
DEBUG:root:best params so far
DEBUG:root:{'colsample_bytree': 0.7, 'silent': 1, 'colsample_bylevel': 0.5, 'scale_pos_weight': 1, 'nthread': 4, 'min_child_weight': 4, 'subsample': 0.9, 'eta': 0.1, 'objective': 'multi:softprob', 'max_depth': 5, 'gamma': 0.1}
DEBUG:root:top map results
DEBUG:root:[{'map': 0.69825566666666672, 'max_delta_step': 6}, {'map': 0.69754833333333333, 'max_delta_step': 10}, {'map': 0.69684133333333342, 'max_delta_step': 13}]
DEBUG:root:best params so far
DEBUG:root:{'colsample_bytree': 0.7, 'silent': 1, 'colsample_bylevel': 0.5, 'scale_pos_weight': 1, 'max_delta_step': 6, 'nthread': 4, 'min_child_weight': 4, 'subsample': 0.9, 'eta': 0.1, 'objective': 'multi:softprob', 'max_depth': 5, 'gamma': 0.1}
DEBUG:root:top map results
DEBUG:root:[{'subsample': 0.85, 'colsample_bytree': 0.6, 'map': 0.698963}, {'subsample': 0.7, 'colsample_bytree': 0.85, 'map': 0.69825566666666672}, {'subsample': 0.7, 'colsample_bytree': 0.9, 'map': 0.69825566666666672}]
DEBUG:root:best params so far
DEBUG:root:{'colsample_bytree': 0.6, 'silent': 1, 'colsample_bylevel': 0.5, 'scale_pos_weight': 1, 'max_delta_step': 6, 'nthread': 4, 'min_child_weight': 4, 'subsample': 0.85, 'eta': 0.1, 'objective': 'multi:softprob', 'max_depth': 5, 'gamma': 0.1}
DEBUG:root:~~~~~~~~~~~~~~~~~~~~~~~~~~~~~~~~~~~~~~~~~~~~~~~~~~~
DEBUG:root:best params for the grid 200, 50, 20, 5
DEBUG:root:grid no m, n 44, 146
DEBUG:root:threshold: 10
DEBUG:root:{'colsample_bytree': 0.6, 'silent': 1, 'colsample_bylevel': 0.5, 'scale_pos_weight': 1, 'max_delta_step': 6, 'nthread': 4, 'min_child_weight': 4, 'subsample': 0.85, 'eta': 0.1, 'objective': 'multi:softprob', 'max_depth': 5, 'gamma': 0.1}
DEBUG:root:###################################################
