DEBUG:root:@@@@@@@@@@@@@@@@@@@@@@@@@@@@@@@@@@@@@@@
DEBUG:root:@@@@@@@@@@@@@@@@@@@@@@@@@@@@@@@@@@@@@@@
DEBUG:root:no of classes: 56
DEBUG:root:top map results
DEBUG:root:[{'map': 0.71534699999999996, 'max_depth': 5, 'min_child_weight': 1}, {'map': 0.71432233333333339, 'max_depth': 4, 'min_child_weight': 2}, {'map': 0.71406633333333325, 'max_depth': 4, 'min_child_weight': 1}]
DEBUG:root:best params so far
DEBUG:root:{'colsample_bytree': 0.7, 'silent': 1, 'scale_pos_weight': 1, 'nthread': 4, 'min_child_weight': 1, 'subsample': 0.9, 'eta': 0.1, 'objective': 'multi:softprob', 'max_depth': 5, 'gamma': 0.32}
DEBUG:root:top map results
DEBUG:root:[{'map': 0.71662800000000004, 'gamma': 0.3, 'colsample_bylevel': 0.7}, {'map': 0.71611599999999997, 'gamma': 0.4, 'colsample_bylevel': 0.9}, {'map': 0.7156030000000001, 'gamma': 0.5, 'colsample_bylevel': 0.7}]
DEBUG:root:best params so far
DEBUG:root:{'colsample_bytree': 0.7, 'silent': 1, 'colsample_bylevel': 0.7, 'scale_pos_weight': 1, 'nthread': 4, 'min_child_weight': 1, 'subsample': 0.9, 'eta': 0.1, 'objective': 'multi:softprob', 'max_depth': 5, 'gamma': 0.3}
DEBUG:root:top map results
DEBUG:root:[{'map': 0.71688433333333335, 'max_delta_step': 5}, {'map': 0.71637200000000012, 'max_delta_step': 8}, {'map': 0.71560333333333326, 'max_delta_step': 3}]
DEBUG:root:best params so far
DEBUG:root:{'colsample_bytree': 0.7, 'silent': 1, 'colsample_bylevel': 0.7, 'scale_pos_weight': 1, 'max_delta_step': 5, 'nthread': 4, 'min_child_weight': 1, 'subsample': 0.9, 'eta': 0.1, 'objective': 'multi:softprob', 'max_depth': 5, 'gamma': 0.3}
DEBUG:root:top map results
DEBUG:root:[{'subsample': 0.9, 'colsample_bytree': 0.7, 'map': 0.71688433333333335}, {'subsample': 0.85, 'colsample_bytree': 0.6, 'map': 0.71560366666666664}, {'subsample': 0.85, 'colsample_bytree': 0.65, 'map': 0.71560366666666664}]
DEBUG:root:best params so far
DEBUG:root:{'colsample_bytree': 0.7, 'silent': 1, 'colsample_bylevel': 0.7, 'scale_pos_weight': 1, 'max_delta_step': 5, 'nthread': 4, 'min_child_weight': 1, 'subsample': 0.9, 'eta': 0.1, 'objective': 'multi:softprob', 'max_depth': 5, 'gamma': 0.3}
DEBUG:root:~~~~~~~~~~~~~~~~~~~~~~~~~~~~~~~~~~~~~~~~~~~~~~~~~~~
DEBUG:root:best params for the grid 200, 50, 20, 5
DEBUG:root:grid no m, n 12, 40
DEBUG:root:threshold: 7
DEBUG:root:{'colsample_bytree': 0.7, 'silent': 1, 'colsample_bylevel': 0.7, 'scale_pos_weight': 1, 'max_delta_step': 5, 'nthread': 4, 'min_child_weight': 1, 'subsample': 0.9, 'eta': 0.1, 'objective': 'multi:softprob', 'max_depth': 5, 'gamma': 0.3}
DEBUG:root:###################################################
DEBUG:root:@@@@@@@@@@@@@@@@@@@@@@@@@@@@@@@@@@@@@@@
DEBUG:root:no of classes: 44
DEBUG:root:top map results
DEBUG:root:[{'map': 0.77546999999999999, 'max_depth': 5, 'min_child_weight': 1}, {'map': 0.77481066666666665, 'max_depth': 4, 'min_child_weight': 1}, {'map': 0.77481066666666665, 'max_depth': 9, 'min_child_weight': 1}]
DEBUG:root:best params so far
DEBUG:root:{'colsample_bytree': 0.7, 'silent': 1, 'scale_pos_weight': 1, 'nthread': 4, 'min_child_weight': 1, 'subsample': 0.9, 'eta': 0.1, 'objective': 'multi:softprob', 'max_depth': 5, 'gamma': 0.32}
DEBUG:root:top map results
DEBUG:root:[{'map': 0.77777799999999997, 'gamma': 0.1, 'colsample_bylevel': 0.9}, {'map': 0.77678866666666668, 'gamma': 0.4, 'colsample_bylevel': 0.9}, {'map': 0.77645866666666663, 'gamma': 0.3, 'colsample_bylevel': 0.5}]
DEBUG:root:best params so far
DEBUG:root:{'colsample_bytree': 0.7, 'silent': 1, 'colsample_bylevel': 0.9, 'scale_pos_weight': 1, 'nthread': 4, 'min_child_weight': 1, 'subsample': 0.9, 'eta': 0.1, 'objective': 'multi:softprob', 'max_depth': 5, 'gamma': 0.1}
DEBUG:root:top map results
DEBUG:root:[{'map': 0.77645900000000001, 'max_delta_step': 6}, {'map': 0.77612900000000007, 'max_delta_step': 9}, {'map': 0.77579966666666655, 'max_delta_step': 7}]
DEBUG:root:best params so far
DEBUG:root:{'colsample_bytree': 0.7, 'silent': 1, 'colsample_bylevel': 0.9, 'scale_pos_weight': 1, 'max_delta_step': 6, 'nthread': 4, 'min_child_weight': 1, 'subsample': 0.9, 'eta': 0.1, 'objective': 'multi:softprob', 'max_depth': 5, 'gamma': 0.1}
DEBUG:root:top map results
DEBUG:root:[{'subsample': 0.95, 'colsample_bytree': 0.75, 'map': 0.77678866666666657}, {'subsample': 0.95, 'colsample_bytree': 0.8, 'map': 0.77678866666666657}, {'subsample': 0.9, 'colsample_bytree': 0.7, 'map': 0.77645900000000001}]
DEBUG:root:best params so far
DEBUG:root:{'colsample_bytree': 0.75, 'silent': 1, 'colsample_bylevel': 0.9, 'scale_pos_weight': 1, 'max_delta_step': 6, 'nthread': 4, 'min_child_weight': 1, 'subsample': 0.95, 'eta': 0.1, 'objective': 'multi:softprob', 'max_depth': 5, 'gamma': 0.1}
DEBUG:root:~~~~~~~~~~~~~~~~~~~~~~~~~~~~~~~~~~~~~~~~~~~~~~~~~~~
DEBUG:root:best params for the grid 250, 20, 30, 10
DEBUG:root:grid no m, n 12, 40
DEBUG:root:threshold: 7
DEBUG:root:{'colsample_bytree': 0.75, 'silent': 1, 'colsample_bylevel': 0.9, 'scale_pos_weight': 1, 'max_delta_step': 6, 'nthread': 4, 'min_child_weight': 1, 'subsample': 0.95, 'eta': 0.1, 'objective': 'multi:softprob', 'max_depth': 5, 'gamma': 0.1}
DEBUG:root:###################################################
DEBUG:root:@@@@@@@@@@@@@@@@@@@@@@@@@@@@@@@@@@@@@@@
DEBUG:root:no of classes: 40
DEBUG:root:top map results
DEBUG:root:[{'map': 0.65606799999999998, 'max_depth': 4, 'min_child_weight': 4}, {'map': 0.65606799999999998, 'max_depth': 7, 'min_child_weight': 4}, {'map': 0.6560676666666666, 'max_depth': 4, 'min_child_weight': 3}]
DEBUG:root:best params so far
DEBUG:root:{'colsample_bytree': 0.7, 'silent': 1, 'scale_pos_weight': 1, 'nthread': 4, 'min_child_weight': 4, 'subsample': 0.9, 'eta': 0.1, 'objective': 'multi:softprob', 'max_depth': 4, 'gamma': 0.32}
DEBUG:root:top map results
DEBUG:root:[{'map': 0.65606799999999998, 'gamma': 0.3, 'colsample_bylevel': 0.8}, {'map': 0.654478, 'gamma': 0.5, 'colsample_bylevel': 0.5}, {'map': 0.654478, 'gamma': 0.5, 'colsample_bylevel': 0.6}]
DEBUG:root:best params so far
DEBUG:root:{'colsample_bytree': 0.7, 'silent': 1, 'colsample_bylevel': 0.8, 'scale_pos_weight': 1, 'nthread': 4, 'min_child_weight': 4, 'subsample': 0.9, 'eta': 0.1, 'objective': 'multi:softprob', 'max_depth': 4, 'gamma': 0.3}
DEBUG:root:top map results
DEBUG:root:[{'map': 0.6565979999999999, 'max_delta_step': 3}, {'map': 0.65394800000000008, 'max_delta_step': 4}, {'map': 0.65394800000000008, 'max_delta_step': 8}]
DEBUG:root:best params so far
DEBUG:root:{'colsample_bytree': 0.7, 'silent': 1, 'colsample_bylevel': 0.8, 'scale_pos_weight': 1, 'max_delta_step': 3, 'nthread': 4, 'min_child_weight': 4, 'subsample': 0.9, 'eta': 0.1, 'objective': 'multi:softprob', 'max_depth': 4, 'gamma': 0.3}
DEBUG:root:top map results
DEBUG:root:[{'subsample': 0.9, 'colsample_bytree': 0.7, 'map': 0.6565979999999999}, {'subsample': 0.8, 'colsample_bytree': 0.75, 'map': 0.65553799999999995}, {'subsample': 0.8, 'colsample_bytree': 0.8, 'map': 0.65553799999999995}]
DEBUG:root:best params so far
DEBUG:root:{'colsample_bytree': 0.7, 'silent': 1, 'colsample_bylevel': 0.8, 'scale_pos_weight': 1, 'max_delta_step': 3, 'nthread': 4, 'min_child_weight': 4, 'subsample': 0.9, 'eta': 0.1, 'objective': 'multi:softprob', 'max_depth': 4, 'gamma': 0.3}
DEBUG:root:~~~~~~~~~~~~~~~~~~~~~~~~~~~~~~~~~~~~~~~~~~~~~~~~~~~
DEBUG:root:best params for the grid 250, 20, 30, 10
DEBUG:root:grid no m, n 25, 120
DEBUG:root:threshold: 10
DEBUG:root:{'colsample_bytree': 0.7, 'silent': 1, 'colsample_bylevel': 0.8, 'scale_pos_weight': 1, 'max_delta_step': 3, 'nthread': 4, 'min_child_weight': 4, 'subsample': 0.9, 'eta': 0.1, 'objective': 'multi:softprob', 'max_depth': 4, 'gamma': 0.3}
DEBUG:root:###################################################
DEBUG:root:@@@@@@@@@@@@@@@@@@@@@@@@@@@@@@@@@@@@@@@
DEBUG:root:no of classes: 40
DEBUG:root:top map results
DEBUG:root:[{'map': 0.7291103333333333, 'max_depth': 4, 'min_child_weight': 5}, {'map': 0.72880866666666666, 'max_depth': 9, 'min_child_weight': 6}, {'map': 0.72850700000000002, 'max_depth': 7, 'min_child_weight': 5}]
DEBUG:root:best params so far
DEBUG:root:{'colsample_bytree': 0.7, 'silent': 1, 'scale_pos_weight': 1, 'nthread': 4, 'min_child_weight': 5, 'subsample': 0.9, 'eta': 0.1, 'objective': 'multi:softprob', 'max_depth': 4, 'gamma': 0.32}
DEBUG:root:top map results
DEBUG:root:[{'map': 0.72760200000000008, 'gamma': 0.1, 'colsample_bylevel': 0.7}, {'map': 0.72730033333333333, 'gamma': 0.3, 'colsample_bylevel': 0.8}, {'map': 0.72639533333333339, 'gamma': 0.3, 'colsample_bylevel': 0.7}]
DEBUG:root:best params so far
DEBUG:root:{'colsample_bytree': 0.7, 'silent': 1, 'colsample_bylevel': 0.7, 'scale_pos_weight': 1, 'nthread': 4, 'min_child_weight': 5, 'subsample': 0.9, 'eta': 0.1, 'objective': 'multi:softprob', 'max_depth': 4, 'gamma': 0.1}
DEBUG:root:top map results
DEBUG:root:[{'map': 0.72760200000000008, 'max_delta_step': 13}, {'map': 0.72760200000000008, 'max_delta_step': 14}, {'map': 0.72669700000000004, 'max_delta_step': 7}]
DEBUG:root:best params so far
DEBUG:root:{'colsample_bytree': 0.7, 'silent': 1, 'colsample_bylevel': 0.7, 'scale_pos_weight': 1, 'max_delta_step': 13, 'nthread': 4, 'min_child_weight': 5, 'subsample': 0.9, 'eta': 0.1, 'objective': 'multi:softprob', 'max_depth': 4, 'gamma': 0.1}
DEBUG:root:top map results
DEBUG:root:[{'subsample': 0.9, 'colsample_bytree': 0.7, 'map': 0.72760200000000008}, {'subsample': 0.7, 'colsample_bytree': 0.75, 'map': 0.72488699999999995}, {'subsample': 0.7, 'colsample_bytree': 0.8, 'map': 0.72488699999999995}]
DEBUG:root:best params so far
DEBUG:root:{'colsample_bytree': 0.7, 'silent': 1, 'colsample_bylevel': 0.7, 'scale_pos_weight': 1, 'max_delta_step': 13, 'nthread': 4, 'min_child_weight': 5, 'subsample': 0.9, 'eta': 0.1, 'objective': 'multi:softprob', 'max_depth': 4, 'gamma': 0.1}
DEBUG:root:~~~~~~~~~~~~~~~~~~~~~~~~~~~~~~~~~~~~~~~~~~~~~~~~~~~
DEBUG:root:best params for the grid 250, 20, 30, 10
DEBUG:root:grid no m, n 36, 92
DEBUG:root:threshold: 10
DEBUG:root:{'colsample_bytree': 0.7, 'silent': 1, 'colsample_bylevel': 0.7, 'scale_pos_weight': 1, 'max_delta_step': 13, 'nthread': 4, 'min_child_weight': 5, 'subsample': 0.9, 'eta': 0.1, 'objective': 'multi:softprob', 'max_depth': 4, 'gamma': 0.1}
DEBUG:root:###################################################
DEBUG:root:@@@@@@@@@@@@@@@@@@@@@@@@@@@@@@@@@@@@@@@
DEBUG:root:no of classes: 33
DEBUG:root:top map results
DEBUG:root:[{'map': 0.75449233333333332, 'max_depth': 5, 'min_child_weight': 2}, {'map': 0.75404299999999991, 'max_depth': 6, 'min_child_weight': 3}, {'map': 0.75381833333333326, 'max_depth': 6, 'min_child_weight': 1}]
DEBUG:root:best params so far
DEBUG:root:{'colsample_bytree': 0.7, 'silent': 1, 'scale_pos_weight': 1, 'nthread': 4, 'min_child_weight': 2, 'subsample': 0.9, 'eta': 0.1, 'objective': 'multi:softprob', 'max_depth': 5, 'gamma': 0.32}
DEBUG:root:top map results
DEBUG:root:[{'map': 0.75539066666666665, 'gamma': 0.3, 'colsample_bylevel': 0.5}, {'map': 0.75539066666666665, 'gamma': 0.3, 'colsample_bylevel': 0.6}, {'map': 0.75314466666666657, 'gamma': 0.1, 'colsample_bylevel': 0.5}]
DEBUG:root:best params so far
DEBUG:root:{'colsample_bytree': 0.7, 'silent': 1, 'colsample_bylevel': 0.5, 'scale_pos_weight': 1, 'nthread': 4, 'min_child_weight': 2, 'subsample': 0.9, 'eta': 0.1, 'objective': 'multi:softprob', 'max_depth': 5, 'gamma': 0.3}
DEBUG:root:top map results
DEBUG:root:[{'map': 0.75561533333333342, 'max_delta_step': 6}, {'map': 0.75494166666666673, 'max_delta_step': 3}, {'map': 0.75471699999999997, 'max_delta_step': 5}]
DEBUG:root:best params so far
DEBUG:root:{'colsample_bytree': 0.7, 'silent': 1, 'colsample_bylevel': 0.5, 'scale_pos_weight': 1, 'max_delta_step': 6, 'nthread': 4, 'min_child_weight': 2, 'subsample': 0.9, 'eta': 0.1, 'objective': 'multi:softprob', 'max_depth': 5, 'gamma': 0.3}
DEBUG:root:top map results
DEBUG:root:[{'subsample': 0.95, 'colsample_bytree': 0.7, 'map': 0.75718799999999986}, {'subsample': 0.8, 'colsample_bytree': 0.75, 'map': 0.75561533333333342}, {'subsample': 0.8, 'colsample_bytree': 0.8, 'map': 0.75561533333333342}]
DEBUG:root:best params so far
DEBUG:root:{'colsample_bytree': 0.7, 'silent': 1, 'colsample_bylevel': 0.5, 'scale_pos_weight': 1, 'max_delta_step': 6, 'nthread': 4, 'min_child_weight': 2, 'subsample': 0.95, 'eta': 0.1, 'objective': 'multi:softprob', 'max_depth': 5, 'gamma': 0.3}
DEBUG:root:~~~~~~~~~~~~~~~~~~~~~~~~~~~~~~~~~~~~~~~~~~~~~~~~~~~
DEBUG:root:best params for the grid 200, 20, 30, 10
DEBUG:root:grid no m, n 12, 67
DEBUG:root:threshold: 7
DEBUG:root:{'colsample_bytree': 0.7, 'silent': 1, 'colsample_bylevel': 0.5, 'scale_pos_weight': 1, 'max_delta_step': 6, 'nthread': 4, 'min_child_weight': 2, 'subsample': 0.95, 'eta': 0.1, 'objective': 'multi:softprob', 'max_depth': 5, 'gamma': 0.3}
DEBUG:root:###################################################
DEBUG:root:@@@@@@@@@@@@@@@@@@@@@@@@@@@@@@@@@@@@@@@
DEBUG:root:no of classes: 34
DEBUG:root:top map results
DEBUG:root:[{'map': 0.67037633333333335, 'max_depth': 5, 'min_child_weight': 2}, {'map': 0.66825633333333334, 'max_depth': 6, 'min_child_weight': 1}, {'map': 0.66772666666666669, 'max_depth': 7, 'min_child_weight': 2}]
DEBUG:root:best params so far
DEBUG:root:{'colsample_bytree': 0.7, 'silent': 1, 'scale_pos_weight': 1, 'nthread': 4, 'min_child_weight': 2, 'subsample': 0.9, 'eta': 0.1, 'objective': 'multi:softprob', 'max_depth': 5, 'gamma': 0.32}
DEBUG:root:top map results
DEBUG:root:[{'map': 0.66719666666666677, 'gamma': 0.3, 'colsample_bylevel': 0.9}, {'map': 0.66613699999999998, 'gamma': 0.1, 'colsample_bylevel': 0.7}, {'map': 0.66507700000000003, 'gamma': 0.2, 'colsample_bylevel': 0.9}]
DEBUG:root:best params so far
DEBUG:root:{'colsample_bytree': 0.7, 'silent': 1, 'colsample_bylevel': 0.9, 'scale_pos_weight': 1, 'nthread': 4, 'min_child_weight': 2, 'subsample': 0.9, 'eta': 0.1, 'objective': 'multi:softprob', 'max_depth': 5, 'gamma': 0.3}
DEBUG:root:top map results
DEBUG:root:[{'map': 0.66719666666666677, 'max_delta_step': 11}, {'map': 0.66719666666666677, 'max_delta_step': 12}, {'map': 0.66719666666666677, 'max_delta_step': 13}]
DEBUG:root:best params so far
DEBUG:root:{'colsample_bytree': 0.7, 'silent': 1, 'colsample_bylevel': 0.9, 'scale_pos_weight': 1, 'max_delta_step': 11, 'nthread': 4, 'min_child_weight': 2, 'subsample': 0.9, 'eta': 0.1, 'objective': 'multi:softprob', 'max_depth': 5, 'gamma': 0.3}
DEBUG:root:top map results
DEBUG:root:[{'subsample': 0.8, 'colsample_bytree': 0.7, 'map': 0.66719666666666677}, {'subsample': 0.9, 'colsample_bytree': 0.7, 'map': 0.66719666666666677}, {'subsample': 0.8, 'colsample_bytree': 0.6, 'map': 0.66666666666666663}]
DEBUG:root:best params so far
DEBUG:root:{'colsample_bytree': 0.7, 'silent': 1, 'colsample_bylevel': 0.9, 'scale_pos_weight': 1, 'max_delta_step': 11, 'nthread': 4, 'min_child_weight': 2, 'subsample': 0.8, 'eta': 0.1, 'objective': 'multi:softprob', 'max_depth': 5, 'gamma': 0.3}
DEBUG:root:~~~~~~~~~~~~~~~~~~~~~~~~~~~~~~~~~~~~~~~~~~~~~~~~~~~
DEBUG:root:best params for the grid 200, 20, 30, 10
DEBUG:root:grid no m, n 31, 140
DEBUG:root:threshold: 7
DEBUG:root:{'colsample_bytree': 0.7, 'silent': 1, 'colsample_bylevel': 0.9, 'scale_pos_weight': 1, 'max_delta_step': 11, 'nthread': 4, 'min_child_weight': 2, 'subsample': 0.8, 'eta': 0.1, 'objective': 'multi:softprob', 'max_depth': 5, 'gamma': 0.3}
DEBUG:root:###################################################
